[0m15:26:51.253515 [debug] [MainThread]: Sending event: {'category': 'dbt', 'action': 'invocation', 'label': 'start', 'context': [<snowplow_tracker.self_describing_json.SelfDescribingJson object at 0x000001F989C07FB0>, <snowplow_tracker.self_describing_json.SelfDescribingJson object at 0x000001F989C079E0>, <snowplow_tracker.self_describing_json.SelfDescribingJson object at 0x000001F989C06D80>]}


============================== 15:26:51.262794 | 42444d28-0c23-4320-8c06-848434afe4b8 ==============================
[0m15:26:51.262794 [info ] [MainThread]: Running with dbt=1.8.5
[0m15:26:51.263794 [debug] [MainThread]: running dbt with arguments {'printer_width': '80', 'indirect_selection': 'eager', 'log_cache_events': 'False', 'write_json': 'True', 'partial_parse': 'True', 'cache_selected_only': 'False', 'profiles_dir': 'C:\\Users\\fedor\\.dbt', 'fail_fast': 'False', 'version_check': 'True', 'log_path': 'logs', 'debug': 'False', 'warn_error': 'None', 'use_colors': 'True', 'use_experimental_parser': 'False', 'no_print': 'None', 'quiet': 'False', 'empty': 'None', 'warn_error_options': 'WarnErrorOptions(include=[], exclude=[])', 'invocation_command': 'dbt init mp', 'log_format': 'default', 'static_parser': 'True', 'target_path': 'None', 'introspect': 'True', 'send_anonymous_usage_stats': 'True'}
[0m15:26:51.280798 [warn ] [MainThread]: [ConfigFolderDirectory]: Unable to parse dict {'dir': WindowsPath('C:/Users/fedor/.dbt')}
[0m15:26:51.281799 [info ] [MainThread]: Creating dbt configuration folder at 
[0m15:26:51.283799 [debug] [MainThread]: Starter project path: C:\Users\fedor\AppData\Local\Programs\Python\Python312\Lib\site-packages\dbt\include\starter_project
[0m15:26:51.296359 [info ] [MainThread]: 
Your new dbt project "mp" was created!

For more information on how to configure the profiles.yml file,
please consult the dbt documentation here:

  https://docs.getdbt.com/docs/configure-your-profile

One more thing:

Need help? Don't hesitate to reach out to us via GitHub issues or on Slack:

  https://community.getdbt.com/

Happy modeling!

[0m15:26:51.297359 [info ] [MainThread]: Setting up your profile.
[0m15:27:40.573926 [info ] [MainThread]: Profile mp written to C:\Users\fedor\.dbt\profiles.yml using target's profile_template.yml and your supplied values. Run 'dbt debug' to validate the connection.
[0m15:27:40.574927 [debug] [MainThread]: Command `dbt init` succeeded at 15:27:40.574927 after 49.60 seconds
[0m15:27:40.574927 [debug] [MainThread]: Sending event: {'category': 'dbt', 'action': 'invocation', 'label': 'end', 'context': [<snowplow_tracker.self_describing_json.SelfDescribingJson object at 0x000001F98A199A00>, <snowplow_tracker.self_describing_json.SelfDescribingJson object at 0x000001F98A0A3800>, <snowplow_tracker.self_describing_json.SelfDescribingJson object at 0x000001F98A0A24B0>]}
[0m15:27:40.575927 [debug] [MainThread]: Flushing usage events
